<?xml version="1.0" encoding="UTF-8"?>
<testng-results ignored="0" total="9" passed="9" failed="0" skipped="0">
  <reporter-output>
  </reporter-output>
  <suite started-at="2023-08-13T22:05:42 PDT" name="Default suite" finished-at="2023-08-13T22:09:41 PDT" duration-ms="238310">
    <groups>
      <group name="cucumber">
        <method signature="AbstractTestNGCucumberTests.runScenario(io.cucumber.testng.PickleWrapper,io.cucumber.testng.FeatureWrapper)[pri:0, instance:Cucumber.TestNGTestRunner@4bdeaabb]" name="runScenario" class="io.cucumber.testng.AbstractTestNGCucumberTests"/>
      </group> <!-- cucumber -->
    </groups>
    <test started-at="2023-08-13T22:05:42 PDT" name="Default test" finished-at="2023-08-13T22:09:41 PDT" duration-ms="238310">
      <class name="Cucumber.TestNGTestRunner">
        <test-method is-config="true" signature="setUpClass(org.testng.ITestContext)[pri:0, instance:Cucumber.TestNGTestRunner@4bdeaabb]" started-at="2023-08-13T22:05:42 PDT" name="setUpClass" finished-at="2023-08-13T22:05:44 PDT" duration-ms="1646" status="PASS">
          <params>
            <param index="0">
              <value>
                <![CDATA[org.testng.TestRunner@3cb195dd]]>
              </value>
            </param>
          </params>
          <reporter-output>
          </reporter-output>
        </test-method> <!-- setUpClass -->
        <test-method signature="runScenario(io.cucumber.testng.PickleWrapper,io.cucumber.testng.FeatureWrapper)[pri:0, instance:Cucumber.TestNGTestRunner@4bdeaabb]" started-at="2023-08-13T22:05:44 PDT" name="runScenario" description="Runs Cucumber Scenarios" data-provider="scenarios" finished-at="2023-08-13T22:06:05 PDT" duration-ms="20563" status="PASS">
          <params>
            <param index="0">
              <value>
                <![CDATA["To verify the access of Amazon application"]]>
              </value>
            </param>
            <param index="1">
              <value>
                <![CDATA["To verify the Functionalities Amazon Application"]]>
              </value>
            </param>
          </params>
          <reporter-output>
          </reporter-output>
        </test-method> <!-- runScenario -->
        <test-method signature="runScenario(io.cucumber.testng.PickleWrapper,io.cucumber.testng.FeatureWrapper)[pri:0, instance:Cucumber.TestNGTestRunner@4bdeaabb]" started-at="2023-08-13T22:06:05 PDT" name="runScenario" description="Runs Cucumber Scenarios" data-provider="scenarios" finished-at="2023-08-13T22:06:28 PDT" duration-ms="23615" status="PASS">
          <params>
            <param index="0">
              <value>
                <![CDATA["To verify the functionalities of Amazon apllication Sign In page with valid Credentials"]]>
              </value>
            </param>
            <param index="1">
              <value>
                <![CDATA["To verify the Functionalities Amazon Application"]]>
              </value>
            </param>
          </params>
          <reporter-output>
          </reporter-output>
        </test-method> <!-- runScenario -->
        <test-method signature="runScenario(io.cucumber.testng.PickleWrapper,io.cucumber.testng.FeatureWrapper)[pri:0, instance:Cucumber.TestNGTestRunner@4bdeaabb]" started-at="2023-08-13T22:06:28 PDT" name="runScenario" description="Runs Cucumber Scenarios" data-provider="scenarios" finished-at="2023-08-13T22:06:43 PDT" duration-ms="14518" status="PASS">
          <params>
            <param index="0">
              <value>
                <![CDATA["To verify the functionalities of Amazon apllication Sign In page without entering Email"]]>
              </value>
            </param>
            <param index="1">
              <value>
                <![CDATA["To verify the Functionalities Amazon Application"]]>
              </value>
            </param>
          </params>
          <reporter-output>
          </reporter-output>
        </test-method> <!-- runScenario -->
        <test-method signature="runScenario(io.cucumber.testng.PickleWrapper,io.cucumber.testng.FeatureWrapper)[pri:0, instance:Cucumber.TestNGTestRunner@4bdeaabb]" started-at="2023-08-13T22:06:43 PDT" name="runScenario" description="Runs Cucumber Scenarios" data-provider="scenarios" finished-at="2023-08-13T22:06:56 PDT" duration-ms="13566" status="PASS">
          <params>
            <param index="0">
              <value>
                <![CDATA["To verify the functionalities of Amazon apllication Sign In page without entering password"]]>
              </value>
            </param>
            <param index="1">
              <value>
                <![CDATA["To verify the Functionalities Amazon Application"]]>
              </value>
            </param>
          </params>
          <reporter-output>
          </reporter-output>
        </test-method> <!-- runScenario -->
        <test-method signature="runScenario(io.cucumber.testng.PickleWrapper,io.cucumber.testng.FeatureWrapper)[pri:0, instance:Cucumber.TestNGTestRunner@4bdeaabb]" started-at="2023-08-13T22:06:56 PDT" name="runScenario" description="Runs Cucumber Scenarios" data-provider="scenarios" finished-at="2023-08-13T22:07:11 PDT" duration-ms="14166" status="PASS">
          <params>
            <param index="0">
              <value>
                <![CDATA["To verify the functionalities of Forget password link in Sign In page"]]>
              </value>
            </param>
            <param index="1">
              <value>
                <![CDATA["To verify the Functionalities Amazon Application"]]>
              </value>
            </param>
          </params>
          <reporter-output>
          </reporter-output>
        </test-method> <!-- runScenario -->
        <test-method signature="runScenario(io.cucumber.testng.PickleWrapper,io.cucumber.testng.FeatureWrapper)[pri:0, instance:Cucumber.TestNGTestRunner@4bdeaabb]" started-at="2023-08-13T22:07:11 PDT" name="runScenario" description="Runs Cucumber Scenarios" data-provider="scenarios" finished-at="2023-08-13T22:07:59 PDT" duration-ms="47945" status="PASS">
          <params>
            <param index="0">
              <value>
                <![CDATA["To verify the functionalities of Add to cart button"]]>
              </value>
            </param>
            <param index="1">
              <value>
                <![CDATA["To verify the Functionalities Amazon Application"]]>
              </value>
            </param>
          </params>
          <reporter-output>
          </reporter-output>
        </test-method> <!-- runScenario -->
        <test-method signature="runScenario(io.cucumber.testng.PickleWrapper,io.cucumber.testng.FeatureWrapper)[pri:0, instance:Cucumber.TestNGTestRunner@4bdeaabb]" started-at="2023-08-13T22:07:59 PDT" name="runScenario" description="Runs Cucumber Scenarios" data-provider="scenarios" finished-at="2023-08-13T22:08:23 PDT" duration-ms="24892" status="PASS">
          <params>
            <param index="0">
              <value>
                <![CDATA["To verify the functionality of Shopping cart button"]]>
              </value>
            </param>
            <param index="1">
              <value>
                <![CDATA["To verify the Functionalities Amazon Application"]]>
              </value>
            </param>
          </params>
          <reporter-output>
          </reporter-output>
        </test-method> <!-- runScenario -->
        <test-method signature="runScenario(io.cucumber.testng.PickleWrapper,io.cucumber.testng.FeatureWrapper)[pri:0, instance:Cucumber.TestNGTestRunner@4bdeaabb]" started-at="2023-08-13T22:08:23 PDT" name="runScenario" description="Runs Cucumber Scenarios" data-provider="scenarios" finished-at="2023-08-13T22:08:52 PDT" duration-ms="28269" status="PASS">
          <params>
            <param index="0">
              <value>
                <![CDATA["To verify the functionality of Shopping cart button"]]>
              </value>
            </param>
            <param index="1">
              <value>
                <![CDATA["To verify the Functionalities Amazon Application"]]>
              </value>
            </param>
          </params>
          <reporter-output>
          </reporter-output>
        </test-method> <!-- runScenario -->
        <test-method signature="runScenario(io.cucumber.testng.PickleWrapper,io.cucumber.testng.FeatureWrapper)[pri:0, instance:Cucumber.TestNGTestRunner@4bdeaabb]" started-at="2023-08-13T22:08:52 PDT" name="runScenario" description="Runs Cucumber Scenarios" data-provider="scenarios" finished-at="2023-08-13T22:09:41 PDT" duration-ms="48886" status="PASS">
          <params>
            <param index="0">
              <value>
                <![CDATA["To verify the functionalities of Chuckout page"]]>
              </value>
            </param>
            <param index="1">
              <value>
                <![CDATA["To verify the Functionalities Amazon Application"]]>
              </value>
            </param>
          </params>
          <reporter-output>
          </reporter-output>
        </test-method> <!-- runScenario -->
        <test-method is-config="true" signature="tearDownClass()[pri:0, instance:Cucumber.TestNGTestRunner@4bdeaabb]" started-at="2023-08-13T22:09:41 PDT" name="tearDownClass" finished-at="2023-08-13T22:09:41 PDT" duration-ms="47" status="PASS">
          <reporter-output>
          </reporter-output>
        </test-method> <!-- tearDownClass -->
      </class> <!-- Cucumber.TestNGTestRunner -->
    </test> <!-- Default test -->
  </suite> <!-- Default suite -->
</testng-results>
