<?xml version="1.0" encoding="UTF-8"?>
<testng-results ignored="0" total="1" passed="1" failed="0" skipped="0">
  <reporter-output>
  </reporter-output>
  <suite started-at="2023-08-18T15:01:31 PDT" name="Default suite" finished-at="2023-08-18T15:02:07 PDT" duration-ms="36525">
    <groups>
    </groups>
    <test started-at="2023-08-18T15:01:31 PDT" name="Default test" finished-at="2023-08-18T15:02:07 PDT" duration-ms="36525">
      <class name="CartningTestCase.TC_007">
        <test-method is-config="true" signature="lunchApplication()[pri:0, instance:CartningTestCase.TC_007@102cec62]" started-at="2023-08-18T15:01:31 PDT" name="lunchApplication" finished-at="2023-08-18T15:01:42 PDT" duration-ms="10988" status="PASS">
          <reporter-output>
          </reporter-output>
        </test-method> <!-- lunchApplication -->
        <test-method signature="TC_007(java.lang.String,java.lang.String)[pri:0, instance:CartningTestCase.TC_007@102cec62]" started-at="2023-08-18T15:01:45 PDT" name="TC_007" data-provider="ReadVariant" finished-at="2023-08-18T15:02:07 PDT" duration-ms="21675" status="PASS">
          <params>
            <param index="0">
              <value>
                <![CDATA[bbbbk1508@gmail.com]]>
              </value>
            </param>
            <param index="1">
              <value>
                <![CDATA[bbbbk1508]]>
              </value>
            </param>
          </params>
          <reporter-output>
          </reporter-output>
        </test-method> <!-- TC_007 -->
        <test-method is-config="true" signature="CloseApplication()[pri:0, instance:CartningTestCase.TC_007@102cec62]" started-at="2023-08-18T15:02:07 PDT" name="CloseApplication" finished-at="2023-08-18T15:02:07 PDT" duration-ms="590" status="PASS">
          <reporter-output>
          </reporter-output>
        </test-method> <!-- CloseApplication -->
      </class> <!-- CartningTestCase.TC_007 -->
    </test> <!-- Default test -->
  </suite> <!-- Default suite -->
</testng-results>
